<event sensorid="kfsensor" id="104" type="Connection" action="SimStdServer" name="DHCP" protocol="UDP" severity="Low">
  <start>2017-07-25 23:56:07:813</start>
  <client domain="admin-PC" ip="192.168.0.28" port="68" />
  <host ip="" bindip="" port="67" />
  <connection closedby="Client" />
  <recBytes>557</recBytes>
  <received size="557" coding="kf"><![CDATA[DHCP: Boot Request%0A
Hardware type: Ethernet (10Mb)%0A
Hardware address length: 6%0A
Hops: 0%0A
Transaction ID: 94F0356D%0A
Seconds elapsed: 0%0A
Flags: Broadcast%0A
Client IP: %0A
Your (client) IP: %0A
Next server IP: %0A
Relay agent IP: %0A
Client MAC: 08:00:27:E0:6C:B6%0A
Server host name: {name not supplied}%0A
Boot file name: {name not supplied}%0A
Magic number: OK%0A
Option 53: Message type = DHCP DISCOVER%0A
Option 77: %0A
Option 116: Auto-configuration %0A
Option 61: Client identifier %0A
Option 12: Host name = "admin-PC"%0A
Option 60: Vendor class id = "MSFT 5.0"%0A
Option 55: Parameter request list%0D%0A
%0D%0A
]]></received>
</event>
<event sensorid="kfsensor" id="105" type="Native Connection" desc="Broadcast Packet" action="Native" name="DHCP Client" protocol="UDP" severity="Low" isBroadcast="TRUE">
  <start>2017-07-25 23:56:08:522</start>
  <client domain="" ip="192.168.0.1" port="67" />
  <host ip="255.255.255.255" bindip="" port="68" />
  <connection closedby="Client" />
  <recBytes>548</recBytes>
  <received size="548" coding="kf"><![CDATA[%02%01%06%00%94%F05m%00%00%80%00%00%00%00%00%C0%A8%00%1B%00%00%00%00%00%00%00%00%08%00'%E0l%B6%00%00%00%00%00%00%00%00%00%00%00%00%00%00%00%00%00%00%00%00%00%00%00%00%00%00%00%00%00%00%00%00%00%00%00%00%00%00%00%00%00%00%00%00%00%00%00%00%00%00%00%00%00%00%00%00%00%00%00%00%00%00%00%00%00%00%00%00%00%00%00%00%00%00%00%00%00%00%00%00%00%00%00%00%00%00%00%00%00%00%00%00%00%00%00%00%00%00%00%00%00%00%00%00%00%00%00%00%00%00%00%00%00%00%00%00%00%00%00%00%00%00%00%00%00%00%00%00%00%00%00%00%00%00%00%00%00%00%00%00%00%00%00%00%00%00%00%00%00%00%00%00%00%00%00%00%00%00%00%00%00%00%00%00%00%00%00%00%00%00%00%00%00%00%00%00%00%00%00%00%00%00%00%00%00%00%00%00%00%00%00%00%00%00%00%00%00%00%00%00%00%00c%82Sc5%01%026%04%C0%A8%00%013%04%00%01Q%80%01%04%FF%FF%FF%00%03%04%C0%A8%00%01%06%04%C0%A8%00%01%FF%00%00%00%00%00%00%00%00%00%00%00%00%00%00%00%00%00%00%00%00%00%00%00%00%00%00%00%00%00%00%00%00%00%00%00%00%00%00%00%00%00%00%00%00%00%00%00%00%00%00%00%00%00%00%00%00%00%00%00%00%00%00%00%00%00%00%00%00%00%00%00%00%00%00%00%00%00%00%00%00%00%00%00%00%00%00%00%00%00%00%00%00%00%00%00%00%00%00%00%00%00%00%00%00%00%00%00%00%00%00%00%00%00%00%00%00%00%00%00%00%00%00%00%00%00%00%00%00%00%00%00%00%00%00%00%00%00%00%00%00%00%00%00%00%00%00%00%00%00%00%00%00%00%00%00%00%00%00%00%00%00%00%00%00%00%00%00%00%00%00%00%00%00%00%00%00%00%00%00%00%00%00%00%00%00%00%00%00%00%00%00%00%00%00%00%00%00%00%00%00%00%00%00%00%00%00%00%00%00%00%00%00%00%00%00%00%00%00%00%00%00%00%00%00%00%00%00%00%00%00%00%00%00%00%00%00%00%00%00%00%00%00%00%00%00%00%00%00%00%00%00%00%00%00%00%00%00%00%00%00%00%00%00%00%00%00%00%00%00%00%00%00%00%00]]></received>
</event>
<event sensorid="kfsensor" id="106" type="Closed Port" desc="Broadcast Packet" action="Sniff" name="UDP Packet" protocol="UDP" severity="High" isBroadcast="TRUE">
  <start>2017-07-25 23:56:21:218</start>
  <client domain="" ip="192.168.0.1" port="2190" />
  <host ip="192.168.0.255" bindip="" port="2190" />
  <connection closedby="Client" />
  <recBytes>177</recBytes>
  <received size="177" coding="kf"><![CDATA[TiVoConnect=1%0A
swversion=1.0%0A
method=broadcast%0A
identity=uuid:4d696e69-444c-164e-9d41-10da43947e50%0A
machine=ReadyDLNA: D6400%0A
platform=pc/minidlna%0A
services=TiVoMediaServer:8200/http%0A
]]></received>
</event>
<event sensorid="kfsensor" id="107" type="Closed Port" desc="Broadcast Packet" action="Sniff" name="UDP Packet" protocol="UDP" severity="High" isBroadcast="TRUE">
  <start>2017-07-25 23:57:22:043</start>
  <client domain="" ip="192.168.0.1" port="2190" />
  <host ip="192.168.0.255" bindip="" port="2190" />
  <connection closedby="Client" />
  <recBytes>177</recBytes>
  <received size="177" coding="kf"><![CDATA[TiVoConnect=1%0A
swversion=1.0%0A
method=broadcast%0A
identity=uuid:4d696e69-444c-164e-9d41-10da43947e50%0A
machine=ReadyDLNA: D6400%0A
platform=pc/minidlna%0A
services=TiVoMediaServer:8200/http%0A
]]></received>
</event>
<event sensorid="kfsensor" id="108" type="Closed Port" desc="Broadcast Packet" action="Sniff" name="UDP Packet" protocol="UDP" severity="High" isBroadcast="TRUE">
  <start>2017-07-25 23:58:23:073</start>
  <client domain="" ip="192.168.0.1" port="2190" />
  <host ip="192.168.0.255" bindip="" port="2190" />
  <connection closedby="Client" />
  <recBytes>177</recBytes>
  <received size="177" coding="kf"><![CDATA[TiVoConnect=1%0A
swversion=1.0%0A
method=broadcast%0A
identity=uuid:4d696e69-444c-164e-9d41-10da43947e50%0A
machine=ReadyDLNA: D6400%0A
platform=pc/minidlna%0A
services=TiVoMediaServer:8200/http%0A
]]></received>
</event>
